{"type":"server-started","port":61531,"host":"127.0.0.1","url_host":"localhost","url":"http://localhost:61531","screen_dir":"/Users/anjalee/Library/Mobile Documents/com~apple~CloudDocs/Coding/HermesClaw/.superpowers/brainstorm/20843-1776321027/content","state_dir":"/Users/anjalee/Library/Mobile Documents/com~apple~CloudDocs/Coding/HermesClaw/.superpowers/brainstorm/20843-1776321027/state"}
{"type":"screen-added","file":"/Users/anjalee/Library/Mobile Documents/com~apple~CloudDocs/Coding/HermesClaw/.superpowers/brainstorm/20843-1776321027/content/palette-direction.html"}
{"type":"screen-updated","file":"/Users/anjalee/Library/Mobile Documents/com~apple~CloudDocs/Coding/HermesClaw/.superpowers/brainstorm/20843-1776321027/content/palette-direction.html"}
{"type":"screen-updated","file":"/Users/anjalee/Library/Mobile Documents/com~apple~CloudDocs/Coding/HermesClaw/.superpowers/brainstorm/20843-1776321027/content/palette-direction.html"}
{"type":"screen-updated","file":"/Users/anjalee/Library/Mobile Documents/com~apple~CloudDocs/Coding/HermesClaw/.superpowers/brainstorm/20843-1776321027/content/palette-direction.html"}
{"type":"screen-added","file":"/Users/anjalee/Library/Mobile Documents/com~apple~CloudDocs/Coding/HermesClaw/.superpowers/brainstorm/20843-1776321027/content/shell-darkness.html"}
{"type":"screen-updated","file":"/Users/anjalee/Library/Mobile Documents/com~apple~CloudDocs/Coding/HermesClaw/.superpowers/brainstorm/20843-1776321027/content/shell-darkness.html"}
{"type":"screen-updated","file":"/Users/anjalee/Library/Mobile Documents/com~apple~CloudDocs/Coding/HermesClaw/.superpowers/brainstorm/20843-1776321027/content/shell-darkness.html"}
{"type":"screen-updated","file":"/Users/anjalee/Library/Mobile Documents/com~apple~CloudDocs/Coding/HermesClaw/.superpowers/brainstorm/20843-1776321027/content/shell-darkness.html"}
{"type":"screen-added","file":"/Users/anjalee/Library/Mobile Documents/com~apple~CloudDocs/Coding/HermesClaw/.superpowers/brainstorm/20843-1776321027/content/card-design.html"}
{"type":"screen-updated","file":"/Users/anjalee/Library/Mobile Documents/com~apple~CloudDocs/Coding/HermesClaw/.superpowers/brainstorm/20843-1776321027/content/card-design.html"}
{"type":"screen-updated","file":"/Users/anjalee/Library/Mobile Documents/com~apple~CloudDocs/Coding/HermesClaw/.superpowers/brainstorm/20843-1776321027/content/card-design.html"}
{"type":"screen-updated","file":"/Users/anjalee/Library/Mobile Documents/com~apple~CloudDocs/Coding/HermesClaw/.superpowers/brainstorm/20843-1776321027/content/card-design.html"}
{"type":"screen-added","file":"/Users/anjalee/Library/Mobile Documents/com~apple~CloudDocs/Coding/HermesClaw/.superpowers/brainstorm/20843-1776321027/content/screens.html"}
{"type":"screen-updated","file":"/Users/anjalee/Library/Mobile Documents/com~apple~CloudDocs/Coding/HermesClaw/.superpowers/brainstorm/20843-1776321027/content/screens.html"}
{"type":"screen-updated","file":"/Users/anjalee/Library/Mobile Documents/com~apple~CloudDocs/Coding/HermesClaw/.superpowers/brainstorm/20843-1776321027/content/screens.html"}
{"type":"screen-updated","file":"/Users/anjalee/Library/Mobile Documents/com~apple~CloudDocs/Coding/HermesClaw/.superpowers/brainstorm/20843-1776321027/content/screens.html"}
{"type":"screen-added","file":"/Users/anjalee/Library/Mobile Documents/com~apple~CloudDocs/Coding/HermesClaw/.superpowers/brainstorm/20843-1776321027/content/bag-icons.html"}
{"type":"screen-updated","file":"/Users/anjalee/Library/Mobile Documents/com~apple~CloudDocs/Coding/HermesClaw/.superpowers/brainstorm/20843-1776321027/content/bag-icons.html"}
{"type":"screen-updated","file":"/Users/anjalee/Library/Mobile Documents/com~apple~CloudDocs/Coding/HermesClaw/.superpowers/brainstorm/20843-1776321027/content/bag-icons.html"}
{"type":"screen-updated","file":"/Users/anjalee/Library/Mobile Documents/com~apple~CloudDocs/Coding/HermesClaw/.superpowers/brainstorm/20843-1776321027/content/bag-icons.html"}
{"type":"screen-added","file":"/Users/anjalee/Library/Mobile Documents/com~apple~CloudDocs/Coding/HermesClaw/.superpowers/brainstorm/20843-1776321027/content/typography.html"}
{"type":"screen-updated","file":"/Users/anjalee/Library/Mobile Documents/com~apple~CloudDocs/Coding/HermesClaw/.superpowers/brainstorm/20843-1776321027/content/typography.html"}
{"type":"screen-updated","file":"/Users/anjalee/Library/Mobile Documents/com~apple~CloudDocs/Coding/HermesClaw/.superpowers/brainstorm/20843-1776321027/content/typography.html"}
{"type":"screen-updated","file":"/Users/anjalee/Library/Mobile Documents/com~apple~CloudDocs/Coding/HermesClaw/.superpowers/brainstorm/20843-1776321027/content/typography.html"}
{"type":"screen-added","file":"/Users/anjalee/Library/Mobile Documents/com~apple~CloudDocs/Coding/HermesClaw/.superpowers/brainstorm/20843-1776321027/content/mood-colors.html"}
{"type":"screen-updated","file":"/Users/anjalee/Library/Mobile Documents/com~apple~CloudDocs/Coding/HermesClaw/.superpowers/brainstorm/20843-1776321027/content/mood-colors.html"}
{"type":"screen-updated","file":"/Users/anjalee/Library/Mobile Documents/com~apple~CloudDocs/Coding/HermesClaw/.superpowers/brainstorm/20843-1776321027/content/mood-colors.html"}
{"type":"screen-updated","file":"/Users/anjalee/Library/Mobile Documents/com~apple~CloudDocs/Coding/HermesClaw/.superpowers/brainstorm/20843-1776321027/content/mood-colors.html"}
{"type":"screen-added","file":"/Users/anjalee/Library/Mobile Documents/com~apple~CloudDocs/Coding/HermesClaw/.superpowers/brainstorm/20843-1776321027/content/waiting.html"}
{"type":"screen-updated","file":"/Users/anjalee/Library/Mobile Documents/com~apple~CloudDocs/Coding/HermesClaw/.superpowers/brainstorm/20843-1776321027/content/waiting.html"}
{"type":"screen-updated","file":"/Users/anjalee/Library/Mobile Documents/com~apple~CloudDocs/Coding/HermesClaw/.superpowers/brainstorm/20843-1776321027/content/waiting.html"}
{"type":"screen-updated","file":"/Users/anjalee/Library/Mobile Documents/com~apple~CloudDocs/Coding/HermesClaw/.superpowers/brainstorm/20843-1776321027/content/waiting.html"}
{"type":"screen-added","file":"/Users/anjalee/Library/Mobile Documents/com~apple~CloudDocs/Coding/HermesClaw/.superpowers/brainstorm/20843-1776321027/content/full-design-summary.html"}
{"type":"screen-updated","file":"/Users/anjalee/Library/Mobile Documents/com~apple~CloudDocs/Coding/HermesClaw/.superpowers/brainstorm/20843-1776321027/content/full-design-summary.html"}
{"type":"screen-updated","file":"/Users/anjalee/Library/Mobile Documents/com~apple~CloudDocs/Coding/HermesClaw/.superpowers/brainstorm/20843-1776321027/content/full-design-summary.html"}
{"type":"screen-updated","file":"/Users/anjalee/Library/Mobile Documents/com~apple~CloudDocs/Coding/HermesClaw/.superpowers/brainstorm/20843-1776321027/content/full-design-summary.html"}
{"type":"server-stopped","reason":"idle timeout"}
